=== System-Tool Log ===
Erstellt am: 2025-05-18 20:07:48
Maximale Größe: 1MB
Maximale Einträge: 100
=====================


=== GUI Closing Log 2025-05-21 21:44:26 ===
Close-FormSafely: Schließvorgang gestartet

=== GUI Closing Log 2025-05-21 21:44:26 ===
Close-FormSafely: Controls deaktiviert

=== GUI Closing Log 2025-05-21 21:44:26 ===
Close-FormSafely: Garbage Collection durchgeführt

=== GUI Closing Log 2025-05-21 21:44:26 ===
Close-FormSafely: Anwendung wird beendet

=== GUI Closing Log 2025-05-21 21:52:50 ===
Close-FormSafely: Schließvorgang gestartet

=== GUI Closing Log 2025-05-21 21:52:50 ===
Close-FormSafely: Controls deaktiviert

=== GUI Closing Log 2025-05-21 21:52:50 ===
Close-FormSafely: Garbage Collection durchgeführt

=== GUI Closing Log 2025-05-21 21:52:50 ===
Close-FormSafely: Anwendung wird beendet

=== GUI Closing Log 2025-05-21 21:54:08 ===
Close-FormSafely: Schließvorgang gestartet

=== GUI Closing Log 2025-05-21 21:54:08 ===
Close-FormSafely: Controls deaktiviert

=== GUI Closing Log 2025-05-21 21:54:08 ===
Close-FormSafely: Garbage Collection durchgeführt

=== GUI Closing Log 2025-05-21 21:54:08 ===
Close-FormSafely: Anwendung wird beendet

=== GUI Closing Log 2025-05-21 21:56:30 ===
Close-FormSafely: Schließvorgang gestartet

=== GUI Closing Log 2025-05-21 21:56:30 ===
Close-FormSafely: Controls deaktiviert

=== GUI Closing Log 2025-05-21 21:56:30 ===
Close-FormSafely: Garbage Collection durchgeführt

=== GUI Closing Log 2025-05-21 21:56:30 ===
Close-FormSafely: Anwendung wird beendet

=== GUI Closing Log 2025-05-21 21:58:44 ===
Close-FormSafely: Schließvorgang gestartet

=== GUI Closing Log 2025-05-21 21:58:44 ===
Close-FormSafely: Controls deaktiviert

=== GUI Closing Log 2025-05-21 21:58:44 ===
Close-FormSafely: Garbage Collection durchgeführt

=== GUI Closing Log 2025-05-21 21:58:44 ===
Close-FormSafely: Anwendung wird beendet

=== GUI Closing Log 2025-05-21 22:00:04 ===
Close-FormSafely: Schließvorgang gestartet

=== GUI Closing Log 2025-05-21 22:00:04 ===
Close-FormSafely: Controls deaktiviert

=== GUI Closing Log 2025-05-21 22:00:04 ===
Close-FormSafely: Garbage Collection durchgeführt

=== GUI Closing Log 2025-05-21 22:00:04 ===
Close-FormSafely: Anwendung wird beendet

=== GUI Closing Log 2025-05-21 22:01:12 ===
Close-FormSafely: Schließvorgang gestartet

=== GUI Closing Log 2025-05-21 22:01:12 ===
Close-FormSafely: Controls deaktiviert

=== GUI Closing Log 2025-05-21 22:01:12 ===
Close-FormSafely: Garbage Collection durchgeführt

=== GUI Closing Log 2025-05-21 22:01:12 ===
Close-FormSafely: Anwendung wird beendet

=== GUI Closing Log 2025-05-21 22:01:53 ===
Close-FormSafely: Schließvorgang gestartet

=== GUI Closing Log 2025-05-21 22:01:53 ===
Close-FormSafely: Controls deaktiviert

=== GUI Closing Log 2025-05-21 22:01:53 ===
Close-FormSafely: Garbage Collection durchgeführt

=== GUI Closing Log 2025-05-21 22:01:53 ===
Close-FormSafely: Anwendung wird beendet

=== GUI Closing Log 2025-05-21 22:03:24 ===
Close-FormSafely: Schließvorgang gestartet

=== GUI Closing Log 2025-05-21 22:03:24 ===
Close-FormSafely: Controls deaktiviert

=== GUI Closing Log 2025-05-21 22:03:24 ===
Close-FormSafely: Garbage Collection durchgeführt

=== GUI Closing Log 2025-05-21 22:03:24 ===
Close-FormSafely: Anwendung wird beendet

=== GUI Closing Log 2025-05-21 22:04:18 ===
Close-FormSafely: Schließvorgang gestartet

=== GUI Closing Log 2025-05-21 22:04:18 ===
Close-FormSafely: Controls deaktiviert

=== GUI Closing Log 2025-05-21 22:04:18 ===
Close-FormSafely: Garbage Collection durchgeführt

=== GUI Closing Log 2025-05-21 22:04:18 ===
Close-FormSafely: Anwendung wird beendet

=== GUI Closing Log 2025-05-21 22:05:06 ===
Close-FormSafely: Schließvorgang gestartet

=== GUI Closing Log 2025-05-21 22:05:06 ===
Close-FormSafely: Controls deaktiviert

=== GUI Closing Log 2025-05-21 22:05:06 ===
Close-FormSafely: Garbage Collection durchgeführt

=== GUI Closing Log 2025-05-21 22:05:06 ===
Close-FormSafely: Anwendung wird beendet

=== GUI Closing Log 2025-05-21 22:07:28 ===
Close-FormSafely: Schließvorgang gestartet

=== GUI Closing Log 2025-05-21 22:07:28 ===
Close-FormSafely: Controls deaktiviert

=== GUI Closing Log 2025-05-21 22:07:28 ===
Close-FormSafely: Garbage Collection durchgeführt

=== GUI Closing Log 2025-05-21 22:07:28 ===
Close-FormSafely: Anwendung wird beendet

=== GUI Closing Log 2025-05-22 17:27:28 ===
Anwendung wird geschlossen

=== GUI Closing Log 2025-05-22 17:27:28 ===
Fensterposition wurde gespeichert

=== GUI Closing Log 2025-05-22 17:27:28 ===
Schließvorgang initiiert

=== GUI Closing Log 2025-05-22 17:27:28 ===
Garbage Collection durchgeführt

=== GUI Closing Log 2025-05-22 17:30:58 ===
Close-FormSafely: Schließvorgang gestartet

=== GUI Closing Log 2025-05-22 17:30:58 ===
Close-FormSafely: Controls deaktiviert

=== GUI Closing Log 2025-05-22 17:30:58 ===
Close-FormSafely: Garbage Collection durchgeführt

=== GUI Closing Log 2025-05-22 17:30:58 ===
Close-FormSafely: Anwendung wird beendet

=== GUI Closing Log 2025-05-22 17:38:34 ===
Anwendung wird geschlossen

=== GUI Closing Log 2025-05-22 17:38:34 ===
Fensterposition wurde gespeichert

=== GUI Closing Log 2025-05-22 17:38:34 ===
Schließvorgang initiiert

=== GUI Closing Log 2025-05-22 17:38:34 ===
Garbage Collection durchgeführt

=== GUI Closing Log 2025-05-22 17:55:42 ===
Anwendung wird geschlossen

=== GUI Closing Log 2025-05-22 17:55:42 ===
Fensterposition wurde gespeichert

=== GUI Closing Log 2025-05-22 17:55:42 ===
Schließvorgang initiiert

=== GUI Closing Log 2025-05-22 17:55:42 ===
Garbage Collection durchgeführt

=== GUI Closing Log 2025-05-22 17:55:42 ===
Anwendung wurde ordnungsgemäß beendet

=== GUI Closing Log 2025-05-22 18:49:18 ===
Anwendung wird geschlossen

=== GUI Closing Log 2025-05-22 18:49:18 ===
Fensterposition wurde gespeichert

=== GUI Closing Log 2025-05-22 18:49:18 ===
Schließvorgang initiiert

=== GUI Closing Log 2025-05-22 18:49:18 ===
Garbage Collection durchgeführt

=== GUI Closing Log 2025-05-22 18:49:18 ===
Anwendung wurde ordnungsgemäß beendet

=== GUI Closing Log 2025-05-22 18:55:30 ===
Close-FormSafely: Schließvorgang gestartet

=== GUI Closing Log 2025-05-22 18:55:30 ===
Close-FormSafely: Controls deaktiviert

=== GUI Closing Log 2025-05-22 18:55:30 ===
Close-FormSafely: Garbage Collection durchgeführt

=== GUI Closing Log 2025-05-22 18:55:30 ===
Close-FormSafely: Anwendung wird beendet

=== GUI Closing Log 2025-05-22 19:25:14 ===
Anwendung wird geschlossen

=== GUI Closing Log 2025-05-22 19:25:14 ===
Fensterposition wurde gespeichert

=== GUI Closing Log 2025-05-22 19:25:14 ===
Schließvorgang initiiert

=== GUI Closing Log 2025-05-22 19:25:14 ===
Garbage Collection durchgeführt

=== GUI Closing Log 2025-05-22 19:25:14 ===
Anwendung wurde ordnungsgemäß beendet

=== GUI Closing Log 2025-05-22 19:25:31 ===
Close-FormSafely: Schließvorgang gestartet

=== GUI Closing Log 2025-05-22 19:25:31 ===
Close-FormSafely: Controls deaktiviert

=== GUI Closing Log 2025-05-22 19:25:31 ===
Close-FormSafely: Garbage Collection durchgeführt

=== GUI Closing Log 2025-05-22 19:25:31 ===
Close-FormSafely: Anwendung wird beendet

=== GUI Closing Log 2025-05-22 19:57:05 ===
Close-FormSafely: Schließvorgang gestartet

=== GUI Closing Log 2025-05-22 19:57:05 ===
Close-FormSafely: Controls deaktiviert

=== GUI Closing Log 2025-05-22 19:57:05 ===
Close-FormSafely: Garbage Collection durchgeführt

=== GUI Closing Log 2025-05-22 19:57:05 ===
Close-FormSafely: Anwendung wird beendet

=== GUI Closing Log 2025-05-23 01:35:08 ===
Anwendung wird geschlossen

=== GUI Closing Log 2025-05-23 01:35:08 ===
Fensterposition wurde gespeichert

=== GUI Closing Log 2025-05-23 01:35:08 ===
Schließvorgang initiiert

=== GUI Closing Log 2025-05-23 01:35:09 ===
Garbage Collection durchgeführt

=== GUI Closing Log 2025-05-23 01:35:09 ===
Anwendung wurde ordnungsgemäß beendet

=== GUI Closing Log 2025-05-23 02:05:23 ===
Anwendung wird geschlossen

=== GUI Closing Log 2025-05-23 02:05:23 ===
Fensterposition wurde gespeichert

=== GUI Closing Log 2025-05-23 02:05:23 ===
Schließvorgang initiiert

=== GUI Closing Log 2025-05-23 02:05:23 ===
Garbage Collection durchgeführt

=== GUI Closing Log 2025-05-23 02:05:23 ===
Anwendung wurde ordnungsgemäß beendet

=== GUI Closing Log 2025-05-23 02:18:01 ===
Close-FormSafely: Schließvorgang gestartet

=== GUI Closing Log 2025-05-23 02:18:01 ===
Close-FormSafely: Controls deaktiviert

=== GUI Closing Log 2025-05-23 02:18:01 ===
Close-FormSafely: Garbage Collection durchgeführt

=== GUI Closing Log 2025-05-23 02:18:01 ===
Close-FormSafely: Anwendung wird beendet

=== GUI Closing Log 2025-05-23 02:35:04 ===
Close-FormSafely: Schließvorgang gestartet

=== GUI Closing Log 2025-05-23 02:35:04 ===
Close-FormSafely: Controls deaktiviert

=== GUI Closing Log 2025-05-23 02:35:04 ===
Close-FormSafely: Garbage Collection durchgeführt

=== GUI Closing Log 2025-05-23 02:35:04 ===
Close-FormSafely: Anwendung wird beendet

=== GUI Closing Log 2025-05-23 02:46:39 ===
Close-FormSafely: Schließvorgang gestartet

=== GUI Closing Log 2025-05-23 02:46:39 ===
Close-FormSafely: Controls deaktiviert

=== GUI Closing Log 2025-05-23 02:46:39 ===
Close-FormSafely: Garbage Collection durchgeführt

=== GUI Closing Log 2025-05-23 02:46:39 ===
Close-FormSafely: Anwendung wird beendet

=== GUI Closing Log 2025-05-23 14:51:17 ===
Close-FormSafely: Schließvorgang gestartet

=== GUI Closing Log 2025-05-23 14:51:17 ===
Close-FormSafely: Controls deaktiviert

=== GUI Closing Log 2025-05-23 14:51:17 ===
Close-FormSafely: Garbage Collection durchgeführt

=== GUI Closing Log 2025-05-23 14:51:17 ===
Close-FormSafely: Anwendung wird beendet

=== GUI Closing Log 2025-05-23 15:09:02 ===
Anwendung wird geschlossen

=== GUI Closing Log 2025-05-23 15:09:02 ===
Fensterposition wurde gespeichert

=== GUI Closing Log 2025-05-23 15:09:02 ===
Schließvorgang initiiert

=== GUI Closing Log 2025-05-23 15:09:02 ===
Garbage Collection durchgeführt

=== GUI Closing Log 2025-05-23 15:09:02 ===
Anwendung wurde ordnungsgemäß beendet

=== GUI Closing Log 2025-05-23 15:09:45 ===
Close-FormSafely: Schließvorgang gestartet

=== GUI Closing Log 2025-05-23 15:09:45 ===
Close-FormSafely: Controls deaktiviert

=== GUI Closing Log 2025-05-23 15:09:45 ===
Close-FormSafely: Garbage Collection durchgeführt

=== GUI Closing Log 2025-05-23 15:09:45 ===
Close-FormSafely: Anwendung wird beendet

=== GUI Closing Log 2025-05-23 15:25:43 ===
Anwendung wird geschlossen

=== GUI Closing Log 2025-05-23 15:25:43 ===
Fensterposition wurde gespeichert

=== GUI Closing Log 2025-05-23 15:25:43 ===
Schließvorgang initiiert

=== GUI Closing Log 2025-05-23 15:25:43 ===
Garbage Collection durchgeführt

=== GUI Closing Log 2025-05-23 15:25:43 ===
Anwendung wurde ordnungsgemäß beendet

=== GUI Closing Log 2025-05-23 15:25:47 ===
Anwendung wird geschlossen

=== GUI Closing Log 2025-05-23 15:25:47 ===
Fensterposition wurde gespeichert

=== GUI Closing Log 2025-05-23 15:25:47 ===
Schließvorgang initiiert

=== GUI Closing Log 2025-05-23 15:25:47 ===
Garbage Collection durchgeführt

=== GUI Closing Log 2025-05-23 15:25:47 ===
Anwendung wurde ordnungsgemäß beendet

=== GUI Closing Log 2025-05-23 15:41:10 ===
Close-FormSafely: Schließvorgang gestartet

=== GUI Closing Log 2025-05-23 15:41:10 ===
Close-FormSafely: Controls deaktiviert

=== GUI Closing Log 2025-05-23 15:41:10 ===
Close-FormSafely: Garbage Collection durchgeführt

=== GUI Closing Log 2025-05-23 15:41:10 ===
Close-FormSafely: Anwendung wird beendet

=== GUI Closing Log 2025-05-23 15:43:47 ===
Anwendung wird geschlossen

=== GUI Closing Log 2025-05-23 15:43:47 ===
Fensterposition wurde gespeichert

=== GUI Closing Log 2025-05-23 15:43:47 ===
Schließvorgang initiiert

=== GUI Closing Log 2025-05-23 15:43:47 ===
Garbage Collection durchgeführt

=== GUI Closing Log 2025-05-23 15:43:47 ===
Anwendung wurde ordnungsgemäß beendet

=== GUI Closing Log 2025-05-23 16:15:02 ===
Anwendung wird geschlossen

=== GUI Closing Log 2025-05-23 16:15:02 ===
Fensterposition wurde gespeichert

=== GUI Closing Log 2025-05-23 16:15:02 ===
Schließvorgang initiiert

=== GUI Closing Log 2025-05-23 16:15:02 ===
Garbage Collection durchgeführt

=== GUI Closing Log 2025-05-23 16:15:02 ===
Anwendung wurde ordnungsgemäß beendet

=== GUI Closing Log 2025-05-23 17:08:22 ===
Anwendung wird geschlossen

=== GUI Closing Log 2025-05-23 17:08:22 ===
Fensterposition wurde gespeichert

=== GUI Closing Log 2025-05-23 17:08:22 ===
Schließvorgang initiiert

=== GUI Closing Log 2025-05-23 17:08:22 ===
Garbage Collection durchgeführt

=== GUI Closing Log 2025-05-23 17:08:22 ===
Anwendung wurde ordnungsgemäß beendet

=== GUI Closing Log 2025-05-23 17:14:50 ===
Anwendung wird geschlossen

=== GUI Closing Log 2025-05-23 17:14:50 ===
Fensterposition wurde gespeichert

=== GUI Closing Log 2025-05-23 17:14:50 ===
Schließvorgang initiiert

=== GUI Closing Log 2025-05-23 17:14:50 ===
Garbage Collection durchgeführt

=== GUI Closing Log 2025-05-23 17:14:50 ===
Anwendung wurde ordnungsgemäß beendet

=== GUI Closing Log 2025-05-23 17:16:00 ===
Close-FormSafely: Schließvorgang gestartet

=== GUI Closing Log 2025-05-23 17:16:00 ===
Close-FormSafely: Controls deaktiviert

=== GUI Closing Log 2025-05-23 17:16:00 ===
Close-FormSafely: Garbage Collection durchgeführt

=== GUI Closing Log 2025-05-23 17:16:00 ===
Close-FormSafely: Anwendung wird beendet

=== GUI Closing Log 2025-05-23 17:30:09 ===
Anwendung wird geschlossen

=== GUI Closing Log 2025-05-23 17:30:09 ===
Fensterposition wurde gespeichert

=== GUI Closing Log 2025-05-23 17:30:09 ===
Schließvorgang initiiert

=== GUI Closing Log 2025-05-23 17:30:09 ===
Garbage Collection durchgeführt

=== GUI Closing Log 2025-05-23 17:30:09 ===
Anwendung wurde ordnungsgemäß beendet

=== GUI Closing Log 2025-05-23 17:31:40 ===
Close-FormSafely: Schließvorgang gestartet

=== GUI Closing Log 2025-05-23 17:31:40 ===
Close-FormSafely: Controls deaktiviert

=== GUI Closing Log 2025-05-23 17:31:40 ===
Close-FormSafely: Garbage Collection durchgeführt

=== GUI Closing Log 2025-05-23 17:31:40 ===
Close-FormSafely: Anwendung wird beendet

=== GUI Closing Log 2025-05-23 17:33:21 ===
Close-FormSafely: Schließvorgang gestartet

=== GUI Closing Log 2025-05-23 17:33:21 ===
Close-FormSafely: Controls deaktiviert

=== GUI Closing Log 2025-05-23 17:33:21 ===
Close-FormSafely: Garbage Collection durchgeführt

=== GUI Closing Log 2025-05-23 17:33:21 ===
Close-FormSafely: Anwendung wird beendet

=== GUI Closing Log 2025-05-23 17:37:05 ===
Anwendung wird geschlossen

=== GUI Closing Log 2025-05-23 17:37:05 ===
Fensterposition wurde gespeichert

=== GUI Closing Log 2025-05-23 17:37:05 ===
Schließvorgang initiiert

=== GUI Closing Log 2025-05-23 17:37:05 ===
Garbage Collection durchgeführt

=== GUI Closing Log 2025-05-23 17:37:05 ===
Anwendung wurde ordnungsgemäß beendet

=== GUI Closing Log 2025-05-23 17:37:30 ===
Close-FormSafely: Schließvorgang gestartet

=== GUI Closing Log 2025-05-23 17:37:30 ===
Close-FormSafely: Controls deaktiviert

=== GUI Closing Log 2025-05-23 17:37:30 ===
Close-FormSafely: Garbage Collection durchgeführt

=== GUI Closing Log 2025-05-23 17:37:30 ===
Close-FormSafely: Anwendung wird beendet

=== GUI Closing Log 2025-05-23 17:48:45 ===
Anwendung wird geschlossen

=== GUI Closing Log 2025-05-23 17:48:45 ===
Fensterposition wurde gespeichert

=== GUI Closing Log 2025-05-23 17:48:45 ===
Schließvorgang initiiert

=== GUI Closing Log 2025-05-23 17:48:45 ===
Garbage Collection durchgeführt

=== GUI Closing Log 2025-05-23 17:48:45 ===
Anwendung wurde ordnungsgemäß beendet

=== GUI Closing Log 2025-05-23 17:53:08 ===
Close-FormSafely: Schließvorgang gestartet

=== GUI Closing Log 2025-05-23 17:53:08 ===
Close-FormSafely: Controls deaktiviert

=== GUI Closing Log 2025-05-23 17:53:08 ===
Close-FormSafely: Garbage Collection durchgeführt

=== GUI Closing Log 2025-05-23 17:53:08 ===
Close-FormSafely: Anwendung wird beendet

=== GUI Closing Log 2025-05-23 18:33:59 ===
Close-FormSafely: Schließvorgang gestartet

=== GUI Closing Log 2025-05-23 18:33:59 ===
Close-FormSafely: Controls deaktiviert

=== GUI Closing Log 2025-05-23 18:33:59 ===
Close-FormSafely: Garbage Collection durchgeführt

=== GUI Closing Log 2025-05-23 18:33:59 ===
Close-FormSafely: Anwendung wird beendet

=== GUI Closing Log 2025-05-23 19:01:56 ===
Anwendung wird geschlossen

=== GUI Closing Log 2025-05-23 19:01:56 ===
Fensterposition wurde gespeichert

=== GUI Closing Log 2025-05-23 19:01:56 ===
Schließvorgang initiiert

=== GUI Closing Log 2025-05-23 19:01:56 ===
Garbage Collection durchgeführt

=== GUI Closing Log 2025-05-23 19:01:56 ===
Anwendung wurde ordnungsgemäß beendet

=== GUI Closing Log 2025-05-23 19:04:43 ===
Close-FormSafely: Schließvorgang gestartet

=== GUI Closing Log 2025-05-23 19:04:43 ===
Close-FormSafely: Controls deaktiviert

=== GUI Closing Log 2025-05-23 19:04:43 ===
Close-FormSafely: Garbage Collection durchgeführt

=== GUI Closing Log 2025-05-23 19:04:43 ===
Close-FormSafely: Anwendung wird beendet

=== GUI Closing Log 2025-05-23 19:16:47 ===
Close-FormSafely: Schließvorgang gestartet

=== GUI Closing Log 2025-05-23 19:16:47 ===
Close-FormSafely: Controls deaktiviert

=== GUI Closing Log 2025-05-23 19:16:47 ===
Close-FormSafely: Garbage Collection durchgeführt

=== GUI Closing Log 2025-05-23 19:16:47 ===
Close-FormSafely: Anwendung wird beendet

=== GUI Closing Log 2025-05-23 19:19:11 ===
Close-FormSafely: Schließvorgang gestartet

=== GUI Closing Log 2025-05-23 19:19:11 ===
Close-FormSafely: Controls deaktiviert

=== GUI Closing Log 2025-05-23 19:19:11 ===
Close-FormSafely: Garbage Collection durchgeführt

=== GUI Closing Log 2025-05-23 19:19:11 ===
Close-FormSafely: Anwendung wird beendet

=== GUI Closing Log 2025-05-23 19:31:31 ===
Anwendung wird geschlossen

=== GUI Closing Log 2025-05-23 19:31:31 ===
Fensterposition wurde gespeichert

=== GUI Closing Log 2025-05-23 19:31:31 ===
Schließvorgang initiiert

=== GUI Closing Log 2025-05-23 19:31:31 ===
Garbage Collection durchgeführt

=== GUI Closing Log 2025-05-23 19:31:31 ===
Anwendung wurde ordnungsgemäß beendet

=== GUI Closing Log 2025-05-23 19:33:05 ===
Close-FormSafely: Schließvorgang gestartet

=== GUI Closing Log 2025-05-23 19:33:05 ===
Close-FormSafely: Controls deaktiviert

=== GUI Closing Log 2025-05-23 19:33:05 ===
Close-FormSafely: Garbage Collection durchgeführt

=== GUI Closing Log 2025-05-23 19:33:05 ===
Close-FormSafely: Anwendung wird beendet

=== GUI Closing Log 2025-05-23 20:31:36 ===
Anwendung wird geschlossen

=== GUI Closing Log 2025-05-23 20:31:36 ===
Fensterposition wurde gespeichert

=== GUI Closing Log 2025-05-23 20:31:36 ===
Schließvorgang initiiert

=== GUI Closing Log 2025-05-23 20:31:36 ===
Garbage Collection durchgeführt

=== GUI Closing Log 2025-05-23 20:31:36 ===
Anwendung wurde ordnungsgemäß beendet

=== GUI Closing Log 2025-05-23 20:33:09 ===
Close-FormSafely: Schließvorgang gestartet

=== GUI Closing Log 2025-05-23 20:33:09 ===
Close-FormSafely: Controls deaktiviert

=== GUI Closing Log 2025-05-23 20:33:09 ===
Close-FormSafely: Garbage Collection durchgeführt

=== GUI Closing Log 2025-05-23 20:33:09 ===
Close-FormSafely: Anwendung wird beendet

=== GUI Closing Log 2025-05-23 20:49:45 ===
Close-FormSafely: Schließvorgang gestartet

=== GUI Closing Log 2025-05-23 20:49:45 ===
Close-FormSafely: Controls deaktiviert

=== GUI Closing Log 2025-05-23 20:49:45 ===
Close-FormSafely: Garbage Collection durchgeführt

=== GUI Closing Log 2025-05-23 20:49:45 ===
Close-FormSafely: Anwendung wird beendet

=== GUI Closing Log 2025-05-23 21:07:54 ===
Close-FormSafely: Schließvorgang gestartet

=== GUI Closing Log 2025-05-23 21:07:54 ===
Close-FormSafely: Controls deaktiviert

=== GUI Closing Log 2025-05-23 21:07:54 ===
Close-FormSafely: Garbage Collection durchgeführt

=== GUI Closing Log 2025-05-23 21:07:54 ===
Close-FormSafely: Anwendung wird beendet

=== GUI Closing Log 2025-05-23 21:26:32 ===
Anwendung wird geschlossen

=== GUI Closing Log 2025-05-23 21:26:32 ===
Fensterposition wurde gespeichert

=== GUI Closing Log 2025-05-23 21:26:32 ===
Schließvorgang initiiert

=== GUI Closing Log 2025-05-23 21:26:32 ===
Garbage Collection durchgeführt

=== GUI Closing Log 2025-05-23 21:26:32 ===
Anwendung wurde ordnungsgemäß beendet

=== GUI Closing Log 2025-05-23 21:27:27 ===
Close-FormSafely: Schließvorgang gestartet

=== GUI Closing Log 2025-05-23 21:27:27 ===
Close-FormSafely: Controls deaktiviert

=== GUI Closing Log 2025-05-23 21:27:27 ===
Close-FormSafely: Garbage Collection durchgeführt

=== GUI Closing Log 2025-05-23 21:27:27 ===
Close-FormSafely: Anwendung wird beendet

=== GUI Closing Log 2025-05-23 21:32:59 ===
Close-FormSafely: Schließvorgang gestartet

=== GUI Closing Log 2025-05-23 21:32:59 ===
Close-FormSafely: Controls deaktiviert

=== GUI Closing Log 2025-05-23 21:32:59 ===
Close-FormSafely: Garbage Collection durchgeführt

=== GUI Closing Log 2025-05-23 21:32:59 ===
Close-FormSafely: Anwendung wird beendet

=== GUI Closing Log 2025-05-23 21:33:51 ===
Close-FormSafely: Schließvorgang gestartet

=== GUI Closing Log 2025-05-23 21:33:51 ===
Close-FormSafely: Controls deaktiviert

=== GUI Closing Log 2025-05-23 21:33:52 ===
Close-FormSafely: Garbage Collection durchgeführt

=== GUI Closing Log 2025-05-23 21:33:52 ===
Close-FormSafely: Anwendung wird beendet

=== GUI Closing Log 2025-05-23 21:34:32 ===
Anwendung wird geschlossen

=== GUI Closing Log 2025-05-23 21:34:32 ===
Fensterposition wurde gespeichert

=== GUI Closing Log 2025-05-23 21:34:32 ===
Schließvorgang initiiert

=== GUI Closing Log 2025-05-23 21:34:32 ===
Garbage Collection durchgeführt

=== GUI Closing Log 2025-05-23 21:34:32 ===
Anwendung wurde ordnungsgemäß beendet

=== GUI Closing Log 2025-05-23 21:35:37 ===
Anwendung wird geschlossen

=== GUI Closing Log 2025-05-23 21:35:37 ===
Fensterposition wurde gespeichert

=== GUI Closing Log 2025-05-23 21:35:37 ===
Schließvorgang initiiert

=== GUI Closing Log 2025-05-23 21:35:38 ===
Garbage Collection durchgeführt

=== GUI Closing Log 2025-05-23 21:35:38 ===
Anwendung wurde ordnungsgemäß beendet

=== GUI Closing Log 2025-05-23 21:47:26 ===
Anwendung wird geschlossen

=== GUI Closing Log 2025-05-23 21:47:26 ===
Fensterposition wurde gespeichert

=== GUI Closing Log 2025-05-23 21:47:26 ===
Schließvorgang initiiert

=== GUI Closing Log 2025-05-23 21:47:26 ===
Garbage Collection durchgeführt

=== GUI Closing Log 2025-05-23 21:47:26 ===
Anwendung wurde ordnungsgemäß beendet

=== GUI Closing Log 2025-05-23 21:48:51 ===
Close-FormSafely: Schließvorgang gestartet

=== GUI Closing Log 2025-05-23 21:48:51 ===
Close-FormSafely: Controls deaktiviert

=== GUI Closing Log 2025-05-23 21:48:51 ===
Close-FormSafely: Garbage Collection durchgeführt

=== GUI Closing Log 2025-05-23 21:48:51 ===
Close-FormSafely: Anwendung wird beendet

=== GUI Closing Log 2025-05-23 22:09:27 ===
Anwendung wird geschlossen

=== GUI Closing Log 2025-05-23 22:09:27 ===
Fensterposition wurde gespeichert

=== GUI Closing Log 2025-05-23 22:09:27 ===
Schließvorgang initiiert

=== GUI Closing Log 2025-05-23 22:09:27 ===
Garbage Collection durchgeführt

=== GUI Closing Log 2025-05-23 22:09:27 ===
Anwendung wurde ordnungsgemäß beendet

=== GUI Closing Log 2025-05-23 22:16:24 ===
Anwendung wird geschlossen

=== GUI Closing Log 2025-05-23 22:16:24 ===
Fensterposition wurde gespeichert

=== GUI Closing Log 2025-05-23 22:16:24 ===
Schließvorgang initiiert

=== GUI Closing Log 2025-05-23 22:16:24 ===
Garbage Collection durchgeführt

=== GUI Closing Log 2025-05-23 22:16:24 ===
Anwendung wurde ordnungsgemäß beendet

=== GUI Closing Log 2025-05-23 22:22:40 ===
Close-FormSafely: Schließvorgang gestartet

=== GUI Closing Log 2025-05-23 22:22:40 ===
Close-FormSafely: Controls deaktiviert

=== GUI Closing Log 2025-05-23 22:22:40 ===
Close-FormSafely: Garbage Collection durchgeführt

=== GUI Closing Log 2025-05-23 22:22:41 ===
Close-FormSafely: Anwendung wird beendet

=== GUI Closing Log 2025-05-23 22:26:20 ===
Close-FormSafely: Schließvorgang gestartet

=== GUI Closing Log 2025-05-23 22:26:20 ===
Close-FormSafely: Controls deaktiviert

=== GUI Closing Log 2025-05-23 22:26:20 ===
Close-FormSafely: Garbage Collection durchgeführt

=== GUI Closing Log 2025-05-23 22:26:20 ===
Close-FormSafely: Anwendung wird beendet

=== GUI Closing Log 2025-05-23 22:33:21 ===
Anwendung wird geschlossen

=== GUI Closing Log 2025-05-23 22:33:21 ===
Fensterposition wurde gespeichert

=== GUI Closing Log 2025-05-23 22:33:21 ===
Schließvorgang initiiert

=== GUI Closing Log 2025-05-23 22:33:21 ===
Garbage Collection durchgeführt

=== GUI Closing Log 2025-05-23 22:33:21 ===
Anwendung wurde ordnungsgemäß beendet

=== GUI Closing Log 2025-05-23 22:38:43 ===
Anwendung wird geschlossen

=== GUI Closing Log 2025-05-23 22:38:43 ===
Fensterposition wurde gespeichert

=== GUI Closing Log 2025-05-23 22:38:43 ===
Schließvorgang initiiert

=== GUI Closing Log 2025-05-23 22:38:43 ===
Garbage Collection durchgeführt

=== GUI Closing Log 2025-05-23 22:38:43 ===
Anwendung wurde ordnungsgemäß beendet

=== GUI Closing Log 2025-05-23 22:39:30 ===
Close-FormSafely: Schließvorgang gestartet

=== GUI Closing Log 2025-05-23 22:39:30 ===
Close-FormSafely: Controls deaktiviert

=== GUI Closing Log 2025-05-23 22:39:30 ===
Close-FormSafely: Garbage Collection durchgeführt

=== GUI Closing Log 2025-05-23 22:39:30 ===
Close-FormSafely: Anwendung wird beendet

=== GUI Closing Log 2025-05-23 22:42:25 ===
Anwendung wird geschlossen

=== GUI Closing Log 2025-05-23 22:42:25 ===
Fensterposition wurde gespeichert

=== GUI Closing Log 2025-05-23 22:42:25 ===
Schließvorgang initiiert

=== GUI Closing Log 2025-05-23 22:42:25 ===
Garbage Collection durchgeführt

=== GUI Closing Log 2025-05-23 22:42:25 ===
Anwendung wurde ordnungsgemäß beendet

=== GUI Closing Log 2025-05-23 22:46:39 ===
Close-FormSafely: Schließvorgang gestartet

=== GUI Closing Log 2025-05-23 22:46:39 ===
Close-FormSafely: Controls deaktiviert

=== GUI Closing Log 2025-05-23 22:46:39 ===
Close-FormSafely: Garbage Collection durchgeführt

=== GUI Closing Log 2025-05-23 22:46:39 ===
Close-FormSafely: Anwendung wird beendet

=== GUI Closing Log 2025-05-23 23:47:16 ===
Anwendung wird geschlossen

=== GUI Closing Log 2025-05-23 23:47:16 ===
Fensterposition wurde gespeichert

=== GUI Closing Log 2025-05-23 23:47:16 ===
Schließvorgang initiiert

=== GUI Closing Log 2025-05-23 23:47:16 ===
Garbage Collection durchgeführt

=== GUI Closing Log 2025-05-23 23:47:16 ===
Anwendung wurde ordnungsgemäß beendet

=== GUI Closing Log 2025-05-23 23:49:00 ===
Close-FormSafely: Schließvorgang gestartet

=== GUI Closing Log 2025-05-23 23:49:00 ===
Close-FormSafely: Controls deaktiviert

=== GUI Closing Log 2025-05-23 23:49:00 ===
Close-FormSafely: Garbage Collection durchgeführt

=== GUI Closing Log 2025-05-23 23:49:00 ===
Close-FormSafely: Anwendung wird beendet

=== GUI Closing Log 2025-05-24 00:11:35 ===
Close-FormSafely: Schließvorgang gestartet

=== GUI Closing Log 2025-05-24 00:11:35 ===
Close-FormSafely: Controls deaktiviert

=== GUI Closing Log 2025-05-24 00:11:35 ===
Close-FormSafely: Garbage Collection durchgeführt

=== GUI Closing Log 2025-05-24 00:11:35 ===
Close-FormSafely: Anwendung wird beendet

=== GUI Closing Log 2025-05-24 00:17:01 ===
Anwendung wird geschlossen

=== GUI Closing Log 2025-05-24 00:17:01 ===
Fensterposition wurde gespeichert

=== GUI Closing Log 2025-05-24 00:17:01 ===
Schließvorgang initiiert

=== GUI Closing Log 2025-05-24 00:17:01 ===
Garbage Collection durchgeführt

=== GUI Closing Log 2025-05-24 00:17:01 ===
Anwendung wurde ordnungsgemäß beendet

=== GUI Closing Log 2025-05-24 00:18:42 ===
Close-FormSafely: Schließvorgang gestartet

=== GUI Closing Log 2025-05-24 00:18:42 ===
Close-FormSafely: Controls deaktiviert

=== GUI Closing Log 2025-05-24 00:18:42 ===
Close-FormSafely: Garbage Collection durchgeführt

=== GUI Closing Log 2025-05-24 00:18:42 ===
Close-FormSafely: Anwendung wird beendet

=== GUI Closing Log 2025-05-24 00:46:11 ===
Close-FormSafely: Schließvorgang gestartet

=== GUI Closing Log 2025-05-24 00:46:11 ===
Close-FormSafely: Controls deaktiviert

=== GUI Closing Log 2025-05-24 00:46:11 ===
Close-FormSafely: Garbage Collection durchgeführt

=== GUI Closing Log 2025-05-24 00:46:12 ===
Close-FormSafely: Anwendung wird beendet

=== GUI Closing Log 2025-05-24 02:00:23 ===
Close-FormSafely: Schließvorgang gestartet

=== GUI Closing Log 2025-05-24 02:00:23 ===
Close-FormSafely: Controls deaktiviert

=== GUI Closing Log 2025-05-24 02:00:23 ===
Close-FormSafely: Garbage Collection durchgeführt

=== GUI Closing Log 2025-05-24 02:00:23 ===
Close-FormSafely: Anwendung wird beendet

=== GUI Closing Log 2025-05-24 14:14:59 ===
Anwendung wird geschlossen

=== GUI Closing Log 2025-05-24 14:14:59 ===
Fensterposition wurde gespeichert

=== GUI Closing Log 2025-05-24 14:14:59 ===
Schließvorgang initiiert

=== GUI Closing Log 2025-05-24 14:14:59 ===
Garbage Collection durchgeführt

=== GUI Closing Log 2025-05-24 14:14:59 ===
Anwendung wurde ordnungsgemäß beendet

=== GUI Closing Log 2025-05-24 14:33:28 ===
Close-FormSafely: Schließvorgang gestartet

=== GUI Closing Log 2025-05-24 14:33:28 ===
Close-FormSafely: Controls deaktiviert

=== GUI Closing Log 2025-05-24 14:33:28 ===
Close-FormSafely: Garbage Collection durchgeführt

=== GUI Closing Log 2025-05-24 14:33:28 ===
Close-FormSafely: Anwendung wird beendet

=== GUI Closing Log 2025-05-24 14:37:02 ===
Close-FormSafely: Schließvorgang gestartet

=== GUI Closing Log 2025-05-24 14:37:02 ===
Close-FormSafely: Controls deaktiviert

=== GUI Closing Log 2025-05-24 14:37:02 ===
Close-FormSafely: Garbage Collection durchgeführt

=== GUI Closing Log 2025-05-24 14:37:02 ===
Close-FormSafely: Anwendung wird beendet

=== GUI Closing Log 2025-05-24 18:55:04 ===
Close-FormSafely: Schließvorgang gestartet

=== GUI Closing Log 2025-05-24 18:55:04 ===
Close-FormSafely: Controls deaktiviert

=== GUI Closing Log 2025-05-24 18:55:04 ===
Close-FormSafely: Garbage Collection durchgeführt

=== GUI Closing Log 2025-05-24 18:55:04 ===
Close-FormSafely: Anwendung wird beendet

=== GUI Closing Log 2025-05-24 18:55:44 ===
Close-FormSafely: Schließvorgang gestartet

=== GUI Closing Log 2025-05-24 18:55:44 ===
Close-FormSafely: Controls deaktiviert

=== GUI Closing Log 2025-05-24 18:55:44 ===
Close-FormSafely: Garbage Collection durchgeführt

=== GUI Closing Log 2025-05-24 18:55:44 ===
Close-FormSafely: Anwendung wird beendet

=== GUI Closing Log 2025-05-24 20:52:29 ===
Anwendung wird geschlossen

=== GUI Closing Log 2025-05-24 20:52:29 ===
Fensterposition wurde gespeichert

=== GUI Closing Log 2025-05-24 20:52:29 ===
Schließvorgang initiiert

=== GUI Closing Log 2025-05-24 20:52:29 ===
Garbage Collection durchgeführt

=== GUI Closing Log 2025-05-24 20:52:29 ===
Anwendung wurde ordnungsgemäß beendet

=== GUI Closing Log 2025-05-24 21:44:13 ===
Anwendung wird geschlossen

=== GUI Closing Log 2025-05-24 21:44:13 ===
Fensterposition wurde gespeichert

=== GUI Closing Log 2025-05-24 21:44:13 ===
Schließvorgang initiiert

=== GUI Closing Log 2025-05-24 21:44:13 ===
Garbage Collection durchgeführt

=== GUI Closing Log 2025-05-24 21:44:13 ===
Anwendung wurde ordnungsgemäß beendet

=== GUI Closing Log 2025-05-24 22:14:40 ===
Anwendung wird geschlossen

=== GUI Closing Log 2025-05-24 22:14:40 ===
Fensterposition wurde gespeichert

=== GUI Closing Log 2025-05-24 22:14:40 ===
Schließvorgang initiiert

=== GUI Closing Log 2025-05-24 22:14:40 ===
Garbage Collection durchgeführt

=== GUI Closing Log 2025-05-24 22:14:40 ===
Anwendung wurde ordnungsgemäß beendet

=== GUI Closing Log 2025-05-24 22:20:37 ===
Anwendung wird geschlossen

=== GUI Closing Log 2025-05-24 22:20:37 ===
Fensterposition wurde gespeichert

=== GUI Closing Log 2025-05-24 22:20:37 ===
Schließvorgang initiiert

=== GUI Closing Log 2025-05-24 22:20:37 ===
Garbage Collection durchgeführt

=== GUI Closing Log 2025-05-24 22:20:37 ===
Anwendung wurde ordnungsgemäß beendet

=== GUI Closing Log 2025-05-24 22:21:05 ===
Close-FormSafely: Schließvorgang gestartet

=== GUI Closing Log 2025-05-24 22:21:05 ===
Close-FormSafely: Controls deaktiviert

=== GUI Closing Log 2025-05-24 22:21:05 ===
Close-FormSafely: Garbage Collection durchgeführt

=== GUI Closing Log 2025-05-24 22:21:05 ===
Close-FormSafely: Anwendung wird beendet

=== GUI Closing Log 2025-05-24 22:33:15 ===
Close-FormSafely: Schließvorgang gestartet

=== GUI Closing Log 2025-05-24 22:33:15 ===
Close-FormSafely: Controls deaktiviert

=== GUI Closing Log 2025-05-24 22:33:15 ===
Close-FormSafely: Garbage Collection durchgeführt

=== GUI Closing Log 2025-05-24 22:33:15 ===
Close-FormSafely: Anwendung wird beendet

=== GUI Closing Log 2025-05-26 19:16:56 ===
Anwendung wird geschlossen

=== GUI Closing Log 2025-05-26 19:16:56 ===
Fensterposition wurde gespeichert

=== GUI Closing Log 2025-05-26 19:16:56 ===
Schließvorgang initiiert

=== GUI Closing Log 2025-05-26 19:16:56 ===
Garbage Collection durchgeführt

=== GUI Closing Log 2025-05-26 19:16:56 ===
Anwendung wurde ordnungsgemäß beendet

=== GUI Closing Log 2025-05-26 20:32:02 ===
Close-FormSafely: Schließvorgang gestartet

=== GUI Closing Log 2025-05-26 20:32:02 ===
Close-FormSafely: Controls deaktiviert

=== GUI Closing Log 2025-05-26 20:32:02 ===
Close-FormSafely: Garbage Collection durchgeführt

=== GUI Closing Log 2025-05-26 20:32:02 ===
Close-FormSafely: Anwendung wird beendet

=== GUI Closing Log 2025-05-26 20:58:31 ===
Anwendung wird geschlossen

=== GUI Closing Log 2025-05-26 20:58:32 ===
Fensterposition wurde gespeichert

=== GUI Closing Log 2025-05-26 20:58:32 ===
Schließvorgang initiiert

=== GUI Closing Log 2025-05-26 20:58:32 ===
Garbage Collection durchgeführt

=== GUI Closing Log 2025-05-26 20:58:32 ===
Anwendung wurde ordnungsgemäß beendet

=== GUI Closing Log 2025-05-26 22:07:22 ===
Anwendung wird geschlossen

=== GUI Closing Log 2025-05-26 22:07:23 ===
Fensterposition wurde gespeichert

=== GUI Closing Log 2025-05-26 22:07:23 ===
Schließvorgang initiiert

=== GUI Closing Log 2025-05-26 22:07:23 ===
Garbage Collection durchgeführt

=== GUI Closing Log 2025-05-26 22:07:23 ===
Anwendung wurde ordnungsgemäß beendet

=== GUI Closing Log 2025-05-27 20:38:22 ===
Close-FormSafely: Schließvorgang gestartet

=== GUI Closing Log 2025-05-27 20:38:22 ===
Close-FormSafely: Controls deaktiviert

=== GUI Closing Log 2025-05-27 20:38:22 ===
Close-FormSafely: Garbage Collection durchgeführt

=== GUI Closing Log 2025-05-27 20:38:22 ===
Close-FormSafely: Anwendung wird beendet

=== GUI Closing Log 2025-05-27 20:59:57 ===
Close-FormSafely: Schließvorgang gestartet

=== GUI Closing Log 2025-05-27 20:59:57 ===
Close-FormSafely: Controls deaktiviert

=== GUI Closing Log 2025-05-27 20:59:57 ===
Close-FormSafely: Garbage Collection durchgeführt

=== GUI Closing Log 2025-05-27 20:59:57 ===
Close-FormSafely: Anwendung wird beendet

=== GUI Closing Log 2025-05-27 21:00:32 ===
Close-FormSafely: Schließvorgang gestartet

=== GUI Closing Log 2025-05-27 21:00:32 ===
Close-FormSafely: Controls deaktiviert

=== GUI Closing Log 2025-05-27 21:00:32 ===
Close-FormSafely: Garbage Collection durchgeführt

=== GUI Closing Log 2025-05-27 21:00:32 ===
Close-FormSafely: Anwendung wird beendet

=== GUI Closing Log 2025-05-27 21:38:47 ===
Anwendung wird geschlossen

=== GUI Closing Log 2025-05-27 21:38:47 ===
Fensterposition wurde gespeichert

=== GUI Closing Log 2025-05-27 21:38:47 ===
Schließvorgang initiiert

=== GUI Closing Log 2025-05-27 21:38:47 ===
Garbage Collection durchgeführt

=== GUI Closing Log 2025-05-27 21:38:47 ===
Anwendung wurde ordnungsgemäß beendet

=== GUI Closing Log 2025-05-27 21:38:49 ===
Anwendung wird geschlossen

=== GUI Closing Log 2025-05-27 21:38:49 ===
Fensterposition wurde gespeichert

=== GUI Closing Log 2025-05-27 21:38:49 ===
Schließvorgang initiiert

=== GUI Closing Log 2025-05-27 21:38:49 ===
Garbage Collection durchgeführt

=== GUI Closing Log 2025-05-27 21:38:49 ===
Anwendung wurde ordnungsgemäß beendet

=== GUI Closing Log 2025-05-27 21:45:06 ===
Anwendung wird geschlossen

=== GUI Closing Log 2025-05-27 21:45:06 ===
Fensterposition wurde gespeichert

=== GUI Closing Log 2025-05-27 21:45:06 ===
Schließvorgang initiiert

=== GUI Closing Log 2025-05-27 21:45:06 ===
Garbage Collection durchgeführt

=== GUI Closing Log 2025-05-27 21:45:06 ===
Anwendung wurde ordnungsgemäß beendet

=== GUI Closing Log 2025-05-27 22:13:41 ===
Anwendung wird geschlossen

=== GUI Closing Log 2025-05-27 22:13:41 ===
Fensterposition wurde gespeichert

=== GUI Closing Log 2025-05-27 22:13:41 ===
Schließvorgang initiiert

=== GUI Closing Log 2025-05-27 22:13:41 ===
Garbage Collection durchgeführt

=== GUI Closing Log 2025-05-27 22:13:41 ===
Anwendung wurde ordnungsgemäß beendet

=== GUI Closing Log 2025-05-27 22:19:01 ===
Anwendung wird geschlossen

=== GUI Closing Log 2025-05-27 22:19:01 ===
Fensterposition wurde gespeichert

=== GUI Closing Log 2025-05-27 22:19:01 ===
Schließvorgang initiiert

=== GUI Closing Log 2025-05-27 22:19:01 ===
Garbage Collection durchgeführt

=== GUI Closing Log 2025-05-27 22:19:01 ===
Anwendung wurde ordnungsgemäß beendet

=== GUI Closing Log 2025-05-27 22:20:07 ===
Close-FormSafely: Schließvorgang gestartet

=== GUI Closing Log 2025-05-27 22:20:07 ===
Close-FormSafely: Controls deaktiviert

=== GUI Closing Log 2025-05-27 22:20:07 ===
Close-FormSafely: Garbage Collection durchgeführt

=== GUI Closing Log 2025-05-27 22:20:07 ===
Close-FormSafely: Anwendung wird beendet

=== GUI Closing Log 2025-05-27 22:28:08 ===
Anwendung wird geschlossen

=== GUI Closing Log 2025-05-27 22:28:08 ===
Fensterposition wurde gespeichert

=== GUI Closing Log 2025-05-27 22:28:08 ===
Schließvorgang initiiert

=== GUI Closing Log 2025-05-27 22:28:08 ===
Garbage Collection durchgeführt

=== GUI Closing Log 2025-05-27 22:28:08 ===
Anwendung wurde ordnungsgemäß beendet

=== GUI Closing Log 2025-05-27 22:29:27 ===
Close-FormSafely: Schließvorgang gestartet

=== GUI Closing Log 2025-05-27 22:29:27 ===
Close-FormSafely: Controls deaktiviert

=== GUI Closing Log 2025-05-27 22:29:27 ===
Close-FormSafely: Garbage Collection durchgeführt

=== GUI Closing Log 2025-05-27 22:29:27 ===
Close-FormSafely: Anwendung wird beendet

=== GUI Closing Log 2025-05-28 21:29:52 ===
Anwendung wird geschlossen

=== GUI Closing Log 2025-05-28 21:29:52 ===
Fensterposition wurde gespeichert

=== GUI Closing Log 2025-05-28 21:29:52 ===
Schließvorgang initiiert

=== GUI Closing Log 2025-05-28 21:29:52 ===
Garbage Collection durchgeführt

=== GUI Closing Log 2025-05-28 21:29:52 ===
Anwendung wurde ordnungsgemäß beendet

=== GUI Closing Log 2025-05-28 21:31:11 ===
Close-FormSafely: Schließvorgang gestartet

=== GUI Closing Log 2025-05-28 21:31:11 ===
Close-FormSafely: Controls deaktiviert

=== GUI Closing Log 2025-05-28 21:31:11 ===
Close-FormSafely: Garbage Collection durchgeführt

=== GUI Closing Log 2025-05-28 21:31:11 ===
Close-FormSafely: Anwendung wird beendet

=== GUI Closing Log 2025-05-28 21:40:48 ===
Anwendung wird geschlossen

=== GUI Closing Log 2025-05-28 21:40:48 ===
Fensterposition wurde gespeichert

=== GUI Closing Log 2025-05-28 21:40:48 ===
Schließvorgang initiiert

=== GUI Closing Log 2025-05-28 21:40:48 ===
Garbage Collection durchgeführt

=== GUI Closing Log 2025-05-28 21:40:48 ===
Anwendung wurde ordnungsgemäß beendet

=== GUI Closing Log 2025-05-28 21:44:20 ===
Close-FormSafely: Schließvorgang gestartet

=== GUI Closing Log 2025-05-28 21:44:20 ===
Close-FormSafely: Controls deaktiviert

=== GUI Closing Log 2025-05-28 21:44:20 ===
Close-FormSafely: Garbage Collection durchgeführt

=== GUI Closing Log 2025-05-28 21:44:20 ===
Close-FormSafely: Anwendung wird beendet

=== GUI Closing Log 2025-05-28 21:55:00 ===
Anwendung wird geschlossen

=== GUI Closing Log 2025-05-28 21:55:00 ===
Fensterposition wurde gespeichert

=== GUI Closing Log 2025-05-28 21:55:00 ===
Schließvorgang initiiert

=== GUI Closing Log 2025-05-28 21:55:00 ===
Garbage Collection durchgeführt

=== GUI Closing Log 2025-05-28 21:55:00 ===
Anwendung wurde ordnungsgemäß beendet

=== GUI Closing Log 2025-05-29 10:30:40 ===
Anwendung wird geschlossen

=== GUI Closing Log 2025-05-29 10:30:40 ===
Fensterposition wurde gespeichert

=== GUI Closing Log 2025-05-29 10:30:40 ===
Schließvorgang initiiert

=== GUI Closing Log 2025-05-29 10:30:40 ===
Garbage Collection durchgeführt

=== GUI Closing Log 2025-05-29 10:30:40 ===
Anwendung wurde ordnungsgemäß beendet

=== GUI Closing Log 2025-06-01 10:33:23 ===
Close-FormSafely: Schließvorgang gestartet

=== GUI Closing Log 2025-06-01 10:33:23 ===
Close-FormSafely: Controls deaktiviert

=== GUI Closing Log 2025-06-01 10:33:23 ===
Close-FormSafely: Garbage Collection durchgeführt

=== GUI Closing Log 2025-06-01 10:33:23 ===
Close-FormSafely: Anwendung wird beendet

=== GUI Closing Log 2025-06-01 10:39:44 ===
Close-FormSafely: Schließvorgang gestartet

=== GUI Closing Log 2025-06-01 10:39:44 ===
Close-FormSafely: Controls deaktiviert

=== GUI Closing Log 2025-06-01 10:39:44 ===
Close-FormSafely: Garbage Collection durchgeführt

=== GUI Closing Log 2025-06-01 10:39:45 ===
Close-FormSafely: Anwendung wird beendet

=== GUI Closing Log 2025-06-01 11:09:24 ===
Close-FormSafely: Schließvorgang gestartet

=== GUI Closing Log 2025-06-01 11:09:24 ===
Close-FormSafely: Controls deaktiviert

=== GUI Closing Log 2025-06-01 11:09:24 ===
Close-FormSafely: Garbage Collection durchgeführt

=== GUI Closing Log 2025-06-01 11:09:24 ===
Close-FormSafely: Anwendung wird beendet
